bishop created 
bishop created 
bishop created 
bishop created 
8 rnbqkbnr
7 pppppppp
6  _ _ _ _
5 _ _ _ _ 
4  _ _ _ _
3 _ _ _ _ 
2 PPPPPPPP
1 RNBQKBNR

  abcdefgh
not in stalemate
Final Score: 
White Score: 0
Black Score: 0
cell deleted
cell deleted
cell deleted
cell deleted
cell deleted
cell deleted
cell deleted
cell deleted
cell deleted
cell deleted
cell deleted
cell deleted
cell deleted
cell deleted
cell deleted
cell deleted
cell deleted
cell deleted
cell deleted
cell deleted
cell deleted
cell deleted
cell deleted
cell deleted
cell deleted
cell deleted
cell deleted
cell deleted
cell deleted
cell deleted
cell deleted
cell deleted
cell deleted
cell deleted
cell deleted
cell deleted
cell deleted
cell deleted
cell deleted
cell deleted
cell deleted
cell deleted
cell deleted
cell deleted
cell deleted
cell deleted
cell deleted
cell deleted
cell deleted
cell deleted
cell deleted
cell deleted
cell deleted
cell deleted
cell deleted
cell deleted
cell deleted
cell deleted
cell deleted
cell deleted
cell deleted
cell deleted
cell deleted
cell deleted
piece deleted
piece deleted
piece deleted
piece deleted
piece deleted
piece deleted
piece deleted
piece deleted
piece deleted
piece deleted
piece deleted
piece deleted
piece deleted
piece deleted
piece deleted
piece deleted
piece deleted
piece deleted
piece deleted
piece deleted
piece deleted
piece deleted
piece deleted
piece deleted
piece deleted
piece deleted
piece deleted
piece deleted
piece deleted
piece deleted
piece deleted
piece deleted
board deleted
player deleted
player deleted
